2022-03-08 17:01:56.523331;M1B_Workflow Entry
2022-03-08 17:01:56.568873;M1B_Workflow.TaskA Entry
2022-03-08 17:01:56.607964;M1B_Workflow.TaskA Executing TimeFunction(TaskA_Input, 1)
2022-03-08 17:01:57.620448;M1B_Workflow.TaskA Exit
2022-03-08 17:01:57.622392;M1B_Workflow.FlowA Entry
2022-03-08 17:01:57.625375;M1B_Workflow.FlowA.TaskC Entry
2022-03-08 17:01:57.626381;M1B_Workflow.FlowA.TaskD Entry
2022-03-08 17:01:57.627370;M1B_Workflow.FlowA.TaskD Executing TimeFunction(TaskD_Input, 5)
2022-03-08 17:01:57.627370;M1B_Workflow.FlowA.FlowC Entry
2022-03-08 17:01:57.625375;M1B_Workflow.FlowA.TaskB Entry
2022-03-08 17:01:57.631876;M1B_Workflow.FlowA.FlowC.TaskG Entry
2022-03-08 17:01:57.627370;M1B_Workflow.FlowA.FlowB Entry
2022-03-08 17:01:57.634384;M1B_Workflow.FlowA.FlowC.TaskG Executing TimeFunction(TaskG_Input, 2)
2022-03-08 17:01:57.626381;M1B_Workflow.FlowA.TaskC Executing TimeFunction(TaskC_Input, 5)
2022-03-08 17:01:57.634384;M1B_Workflow.FlowA.FlowB.TaskE Entry
2022-03-08 17:01:57.632874;M1B_Workflow.FlowA.TaskI Entry
2022-03-08 17:01:57.636386;M1B_Workflow.FlowA.FlowB.TaskE Executing TimeFunction(TaskE_Input, 5)
2022-03-08 17:01:57.637422;M1B_Workflow.FlowA.TaskI Executing TimeFunction(TaskI_Input, 5)
2022-03-08 17:01:57.639378;M1B_Workflow.FlowA.TaskB Executing TimeFunction(TaskB_Input, 14)
2022-03-08 17:01:59.640831;M1B_Workflow.FlowA.FlowC.TaskG Exit
2022-03-08 17:01:59.643829;M1B_Workflow.FlowA.FlowC.TaskH Entry
2022-03-08 17:01:59.645824;M1B_Workflow.FlowA.FlowC.TaskH Executing TimeFunction(TaskH_Input, 2)
2022-03-08 17:02:01.662898;M1B_Workflow.FlowA.FlowC.TaskH Exit
2022-03-08 17:02:01.663895;M1B_Workflow.FlowA.FlowC Exit
2022-03-08 17:02:02.629519;M1B_Workflow.FlowA.TaskD Exit
2022-03-08 17:02:02.645014;M1B_Workflow.FlowA.TaskI Exit
2022-03-08 17:02:02.645014;M1B_Workflow.FlowA.FlowB.TaskE Exit
2022-03-08 17:02:02.645014;M1B_Workflow.FlowA.TaskC Exit
2022-03-08 17:02:02.646795;M1B_Workflow.FlowA.FlowB.TaskF Entry
2022-03-08 17:02:02.648810;M1B_Workflow.FlowA.FlowB.TaskF Executing TimeFunction(TaskF_Input, 1)
2022-03-08 17:02:03.658134;M1B_Workflow.FlowA.FlowB.TaskF Exit
2022-03-08 17:02:03.659911;M1B_Workflow.FlowA.FlowB Exit
2022-03-08 17:02:11.648575;M1B_Workflow.FlowA.TaskB Exit
2022-03-08 17:02:11.652220;M1B_Workflow.FlowA Exit
2022-03-08 17:02:11.654256;M1B_Workflow.TaskZ Entry
2022-03-08 17:02:11.656215;M1B_Workflow.TaskZ Executing TimeFunction(TaskZ_Input, 5)
2022-03-08 17:02:16.674755;M1B_Workflow.TaskZ Exit
2022-03-08 17:02:16.678396;M1B_Workflow Exit
